<?xml version="1.0" encoding="UTF-8"?>
<!-- Generated by org.testng.reporters.JUnitReportReporter -->
<testsuite hostname="DESKTOP-HIBJ4D2" name="com.training.sanity.tests.lostmypassword" tests="1" failures="0" timestamp="17 Jun 2019 07:27:46 GMT" time="1.831" errors="0">
  <testcase name="validLoginTest" time="1.831" classname="com.training.sanity.tests.lostmypassword"/>
</testsuite> <!-- com.training.sanity.tests.lostmypassword -->
