<?xml version="1.0" encoding="UTF-8"?>
<!-- Generated by org.testng.reporters.JUnitReportReporter -->
<testsuite hostname="DESKTOP-HIBJ4D2" name="com.training.sanity.tests.LoginTests" tests="1" failures="0" timestamp="17 Jun 2019 06:04:56 GMT" time="2.784" errors="0">
  <testcase name="validLoginTest" time="2.784" classname="com.training.sanity.tests.LoginTests"/>
</testsuite> <!-- com.training.sanity.tests.LoginTests -->
