<?xml version="1.0" encoding="UTF-8"?>
<!-- Generated by org.testng.reporters.JUnitReportReporter -->
<testsuite hostname="DESKTOP-HIBJ4D2" name="com.training.sanity.tests.Register_login" tests="1" failures="0" timestamp="18 Jun 2019 07:21:12 GMT" time="4.753" errors="0">
  <testcase name="validLoginTest" time="4.753" classname="com.training.sanity.tests.Register_login"/>
</testsuite> <!-- com.training.sanity.tests.Register_login -->
