<?xml version="1.0" encoding="UTF-8"?>
<!-- Generated by org.testng.reporters.JUnitReportReporter -->
<testsuite hostname="DESKTOP-HIBJ4D2" name="com.training.sanity.tests.Teacherlogin" tests="1" failures="0" timestamp="18 Jun 2019 07:31:48 GMT" time="2.859" errors="0">
  <testcase name="validLoginTest" time="2.859" classname="com.training.sanity.tests.Teacherlogin"/>
</testsuite> <!-- com.training.sanity.tests.Teacherlogin -->
